Command: /home/projects/vlsi/ccs0101/design/modules/crypto_lib/verif/./simv -l simv.log
Chronologic VCS simulator copyright 1991-2017
Contains Synopsys proprietary information.
Compiler version M-2017.03_Full64; Runtime version M-2017.03_Full64;  Jan 10 20:18 2018
                   0 << Waiting 1
                  24 << Waiting 2
                  24---------------Iteration           x SEED           x-----------------
                  28 << Value of ARGA  31991428308526611240433162825835197570415908850032843634533826238802567420617814505416207798835946747958184032973216141925741489557077378946824592678204465678336347358294319601807069844671220129770981926595699128529287884818824468919577200471684671563025359943502466874551407777080797467767501004745671469153750963456728941783012075071998973988072817152987412308046513755818688113601293618200831361269477700884296652844481497370280781484194361561379081848067467914310113169369004391616870427518438824921000987494073592333286189873770055152042161445469283146785513903943396111613963361948111184946058243051515715516770
                  28 << Value of ARGB  17749307280602236253430331721061771798208863231545199761573330957649320657903137373391112314215287908786279857393892690593490398163331505606239081339907790840896979917377477821441639505288876965839663287038727309282636516270258005547103455568281929878995427177051232172100948352507172205527107914808598364624938774304945035822187768131012493745649669772387581990294724031710080201500080335745019530652910696219909083953772730422583912087733123912136911856573355208995245783205556650690318238273746271840023734023466714493203550184942668088766444349765327953483395492616479912741875077443666448921258455917508043054543
                  28 << Waiting
               18079 << Value of GCD                                                                                                                                                                                                                                                                                                                                                                                                                                                                                                                                                                                                                                          1
               18079 << Inverse Value  13172052592305899471636633939351046312639603822563886408847166057354798986163559116356059820165664730763430024647630173680447663601171851555901085688149270052617344629210215740560843348459970283805696200006171041848785923126261853654585436586525970273584540786441343185528581213610571835620997063705883505249946960763189689502379979458933876563299861434768990721704845999473102262345083016461126392421634560699709475959724127970206939501514767727344748615315355656133144058367696835688459853526438118086442798912309446927674816821348757476078420182579814298749743635749353400841464930866967093295804697117579113450400
               18079 << FINAL INV  13172052592305899471636633939351046312639603822563886408847166057354798986163559116356059820165664730763430024647630173680447663601171851555901085688149270052617344629210215740560843348459970283805696200006171041848785923126261853654585436586525970273584540786441343185528581213610571835620997063705883505249946960763189689502379979458933876563299861434768990721704845999473102262345083016461126392421634560699709475959724127970206939501514767727344748615315355656133144058367696835688459853526438118086442798912309446927674816821348757476078420182579814298749743635749353400841464930866967093295804697117579113450400
               18079 << FINAL INV OTHER 234794683934617132415565484338156051012260382949191364859816565445428284563474970857481209282549769686706848222828612190296389224410809556324012860259749885692170479453791355330768229286748779533681106664596097056912966612081500751989205500839149308765813537069846607520814726696996534528770214575127595724730583457000011783469632074114741866545266797500561035161745752855059881589311733046925699095747865671835513132178228706358464574619945662894114684930664267183131821631873595206515354597098692849338057399256015561788912289211958584764854124196545677077373609709495940280400266724562726570812556084048087150202726
               18079 << FINAL ARGA 31991428308526611240433162825835197570415908850032843634533826238802567420617814505416207798835946747958184032973216141925741489557077378946824592678204465678336347358294319601807069844671220129770981926595699128529287884818824468919577200471684671563025359943502466874551407777080797467767501004745671469153750963456728941783012075071998973988072817152987412308046513755818688113601293618200831361269477700884296652844481497370280781484194361561379081848067467914310113169369004391616870427518438824921000987494073592333286189873770055152042161445469283146785513903943396111613963361948111184946058243051515715516770
               18079 << CHECK                                                                                                                                                                                                                                                                                                                                                                                                                                                                                                                                                                                                                                          11602544740974894514036713327071994453558405452984801629368040588073568824552196498829810170533848694201585773732336128309361228506994506556863975381054227303218161607023399489949434460602193858953464205531024375985631312168200366011286024044341748424249531054009080670675942722055804861772713414740122019499978857363082721667409904588445935324235827256022398405027863430271276999404483189810270386174570031066996273048451731656170342261973297476652729578013171345850202154310647913560000341896929034357982952031179708517493165749218419320998627196441386522602285544954947091139444778583095198728070403958189154072334
               18079 << ERROR: FAILED
$finish called from file "bin_ext_gcd_tb.v", line 129.
$finish at simulation time             18091204
           V C S   S i m u l a t i o n   R e p o r t 
Time: 18091204 ps
CPU Time:      0.520 seconds;       Data structure size:   0.1Mb
Wed Jan 10 20:18:57 2018
