# Preference setting overrides
gui_create_pref_key -category {Globals} -key {load_detail_for_funcov} -value_type {bool} -value {false}
gui_create_pref_category -category {schem_obj_name}
gui_create_pref_key -category {schem_obj_name} -key {show_cell_and_pin_with_symbol_name} -value_type {bool} -value {false}
gui_create_pref_key -category {schem_pin_hc} -key {textExtFont} -value_type {string} -value {Helvetica,10,-1,5,50,0,0,0,0,0}

# State setting overrides
gui_state_default_create -off -ini
gui_set_state_value -category Globals -key BackTrace_toolbar -value true
gui_set_state_value -category Globals -key recent_sessions -value {{gui_load_session -ignore_errors -file /home/projects/vlsi/ccs0101/design/modules/ccs0101/verif/gfunc2.inter.vpd.tcl} {gui_load_session -ignore_errors -file /home/projects/vlsi/ccs0101/design/modules/ccs0101/verif/gfunc.inter.vpd.tcl} {gui_load_session -ignore_errors -file /home/projects/vlsi/ccs0101/design/modules/ccs0101/verif/DVEfiles/dve_checkpoint_25527_1.tcl} {gui_load_session -ignore_errors -file /home/projects/vlsi/ccs0101/design/modules/ccs0101/verif/mod_exp2.inter.vpd.tcl} {gui_load_session -ignore_errors -file /home/projects/vlsi/ccs0101/design/modules/ccs0101/verif/mod_exp.inter.vpd.tcl}}
gui_set_state_value -category Globals -key recent_tcl_scripts -value {{gui_dve_source -global /home/projects/vlsi/ccs0101/design/modules/ccs0101/verif/gfunc2.inter.vpd.tcl} {gui_dve_source -global /home/projects/vlsi/ccs0101/design/modules/ccs0101/verif/mod_exp2.inter.vpd.tcl} {gui_dve_source -global /home/projects/vlsi/ccs0101/design/modules/ccs0101/verif/gfunc.inter.vpd.tcl} {gui_dve_source -global /home/projects/vlsi/ccs0101/design/modules/ccs0101/verif/mod_exp.inter.vpd.tcl}}
gui_set_state_value -category Layout -key child_console_size_x -value 1568
gui_set_state_value -category Layout -key child_console_size_y -value 419
gui_set_state_value -category Layout -key child_data_coltype -value 146
gui_set_state_value -category Layout -key child_data_colvalue -value 61
gui_set_state_value -category Layout -key child_data_colvariable -value 285
gui_set_state_value -category Layout -key child_data_size_x -value 466
gui_set_state_value -category Layout -key child_data_size_y -value 424
gui_set_state_value -category Layout -key child_hier_col3 -value {-1}
gui_set_state_value -category Layout -key child_hier_colhier -value 354
gui_set_state_value -category Layout -key child_hier_colpd -value 0
gui_set_state_value -category Layout -key child_hier_coltype -value 154
gui_set_state_value -category Layout -key child_hier_size_x -value 484
gui_set_state_value -category Layout -key child_hier_size_y -value 424
gui_set_state_value -category Layout -key child_list_down -value 167
gui_set_state_value -category Layout -key child_list_right -value 444
gui_set_state_value -category Layout -key child_schematic_docknewline -value false
gui_set_state_value -category Layout -key child_schematic_pos_x -value {-2}
gui_set_state_value -category Layout -key child_schematic_pos_y -value {-15}
gui_set_state_value -category Layout -key child_schematic_size_x -value 612
gui_set_state_value -category Layout -key child_schematic_size_y -value 588
gui_set_state_value -category Layout -key child_source_docknewline -value false
gui_set_state_value -category Layout -key child_source_pos_x -value {-2}
gui_set_state_value -category Layout -key child_source_pos_y -value {-15}
gui_set_state_value -category Layout -key child_source_size_x -value 621
gui_set_state_value -category Layout -key child_source_size_y -value 419
gui_set_state_value -category Layout -key child_wave_colname -value 262
gui_set_state_value -category Layout -key child_wave_colvalue -value 262
gui_set_state_value -category Layout -key child_wave_docknewline -value false
gui_set_state_value -category Layout -key child_wave_dockstate -value bottom
gui_set_state_value -category Layout -key child_wave_left -value 529
gui_set_state_value -category Layout -key child_wave_right -value 1291
gui_set_state_value -category Layout -key child_wave_size_x -value 1919
gui_set_state_value -category Layout -key child_wave_size_y -value 460
gui_set_state_value -category Layout -key main_pos_x -value 90
gui_set_state_value -category Layout -key main_pos_y -value 220
gui_set_state_value -category Layout -key main_size_x -value 1658
gui_set_state_value -category Layout -key main_size_y -value 1170
gui_set_state_value -category Layout -key stand_list_child_docknewline -value false
gui_set_state_value -category Layout -key stand_list_child_pos_x -value {-2}
gui_set_state_value -category Layout -key stand_list_child_pos_y -value {-15}
gui_set_state_value -category Layout -key stand_list_child_size_x -value 604
gui_set_state_value -category Layout -key stand_list_child_size_y -value 312
gui_set_state_value -category Layout -key stand_list_top_pos_x -value 502
gui_set_state_value -category Layout -key stand_list_top_pos_y -value 51
gui_set_state_value -category Layout -key stand_list_top_size_x -value 1101
gui_set_state_value -category Layout -key stand_list_top_size_y -value 550
gui_set_state_value -category Layout -key stand_wave_child_docknewline -value false
gui_set_state_value -category Layout -key stand_wave_child_pos_x -value {-2}
gui_set_state_value -category Layout -key stand_wave_child_pos_y -value {-15}
gui_set_state_value -category Layout -key stand_wave_child_size_x -value 1830
gui_set_state_value -category Layout -key stand_wave_child_size_y -value 994
gui_set_state_value -category Layout -key stand_wave_top_pos_x -value 78
gui_set_state_value -category Layout -key stand_wave_top_pos_y -value 64
gui_set_state_value -category Layout -key stand_wave_top_size_x -value 1903
gui_set_state_value -category Layout -key stand_wave_top_size_y -value 1170
gui_create_state_key -category FindDialog -key m_pMatchCase -value_type bool -value false
gui_create_state_key -category FindDialog -key m_pMatchWord -value_type bool -value false
gui_create_state_key -category FindDialog -key m_pUseCombo -value_type string -value {}
gui_create_state_key -category FindDialog -key m_pWrapAround -value_type bool -value true
gui_create_state_key -category Widget_History -key TopLevel.1|qt_left_dock|DockWnd2|DLPane.1|pages|Data.1|hbox|textfilter -value_type string -value {*htrans* *??????* *_leq* _leq*}
gui_create_state_key -category Widget_History -key dlgDumpValues|m_Combo -value_type string -value {ccs0201_tb Top_Bench}
gui_state_default_create -off

# Begin command logging
gui_sim_run Ucli -exe ./simv -args {-ucligui  -i ./runtime_mod_exp.tcl} -dir .
gui_list_select -id Hier.1 -current_item_name mod_exp_tb -current_item_type Scope  -selected  {  }
gui_list_select -id Hier.1 -current_item_name mod_exp_tb -current_item_type Scope  -selected  { mod_exp_tb   }
gui_list_select -id Data.1 -selected  { {mod_exp_tb.no_of_clocks[31:0]}   }
gui_list_select -id Data.1 { {mod_exp_tb.y[2047:0]}  mod_exp_tb.done_irq_p  mod_exp_tb.CLK  mod_exp_tb.nRESET  {mod_exp_tb.a[2047:0]}  {mod_exp_tb.b[2047:0]}  {mod_exp_tb.m[2047:0]}  {mod_exp_tb.m_size[11:0]}  {mod_exp_tb.r_red[2047:0]}  mod_exp_tb.enable_p  {mod_exp_tb.CLK_PERIOD[63:0]}  {mod_exp_tb.NBITS[31:0]}   }
gui_open_window Wave
gui_list_add -id Wave.1 -from Data.1 { {mod_exp_tb.no_of_clocks[31:0]} {mod_exp_tb.y[2047:0]} mod_exp_tb.done_irq_p mod_exp_tb.CLK mod_exp_tb.nRESET {mod_exp_tb.a[2047:0]} {mod_exp_tb.b[2047:0]} {mod_exp_tb.m[2047:0]} {mod_exp_tb.m_size[11:0]} {mod_exp_tb.r_red[2047:0]} mod_exp_tb.enable_p {mod_exp_tb.CLK_PERIOD[63:0]} {mod_exp_tb.NBITS[31:0]} } -insertionbar
gui_zoom -window Wave.1 -full
gui_list_select -id Wave.1 -selected  { mod_exp_tb.done_irq_p   }
gui_list_select -id Wave.1 -selected  { {mod_exp_tb.y[2047:0]}   }
gui_list_select -id Wave.1 -selected  { mod_exp_tb.done_irq_p   }
gui_list_select -id Wave.1 -selected  { mod_exp_tb.enable_p   }
gui_wv_zoom_timerange -id  Wave.1 0 225984252
gui_wv_zoom_timerange -id  Wave.1 0 2313225
gui_zoom -window Wave.1 -full
gui_marker_move -id  Wave.1 C1 325196850
#gui_exit

