set ucliGUI::state
set ucliGUI::state
ucliCore::getToolPID
synopsys::env hasTB
trigger_hier_stack_context_switch 0
synUtils::setDVEInitPhase 1
synopsys::dump -type VPD -file /home/projects/vlsi/ccs0101/design/modules/ccs0101/verif/inter.vpd -locking
synopsys::dump -autoflush on -fid VPD0
set ::dve_fid VPD0
synUtils::setDVEInitPhase 0
ucliCore::getToolPID
synUtils::sendTool -active _icl_setToolSocket /tmp/smlnp5E0zvB
synUtils::sendTool -active {_icl_start_rpc -version "M-2017.03_Full64" -sync_file /tmp/vcs_dve_rpc.mtn2.17018}
synUtils::sendTool -active {_icl_createSharedMemory /tmp/vcs_dve_general.mtn2.17018}
config endofsim noexit
config onfail enable all
config syscaddplainmembers
config syscaddsourcenames
config syscaddstructtypes
synopsys::listing -disable
dump -add { ccs0101_tb }  -depth 0 -scope "." -filter=variable,generic,constant,pack_vh,parameter,define_cell,y_cell_lib,specify,child_cell
synopsys::dump -add {ccs0101_tb.u_dut_inst.u_chip_core_inst.pad_ctl} -aggregates  -fid VPD0
synopsys::run
set ucliGUI::state
set ucliGUI::state
set ucliGUI::state
set ucliGUI::state
ucliGUI::vpdAddHierarchy -scope {ccs0101_tb.u_dut_inst.u_padring_inst.genblk1[5].u_pad_inst} -depth 1 -file /home/projects/vlsi/ccs0101/design/modules/ccs0101/verif/inter.vpd; synopsys::dump -flush VPD0
if [catch {gui_sim_terminate}] {gui_sim_terminate -kill}
synopsys::finish
set ucliGUI::state
set ucliGUI::state
ucli_exit
