Warning : License for product VCSRuntime_Net(725) will expire within 23 days, on: 16-nov-2018.
If you would like to temporarily disable this message, set 
 the VCS_LIC_EXPIRE_WARNING environment variable to the number of days
before expiration that you want this message to start (the minimum is 0).
Chronologic VCS simulator copyright 1991-2017
Contains Synopsys proprietary information.
Compiler version M-2017.03_Full64; Runtime version M-2017.03_Full64;  Oct 25 19:40 2018
VCD+ Writer M-2017.03_Full64 Copyright (c) 1991-2017 by Synopsys Inc.
The file '/home/projects/vlsi/ccs0101/design/modules/ccs0101/verif/inter.vpd' was opened successfully.
dve> dump -add { ccs0101_tb }  -depth 0 -scope "." -filter=variable,generic,constant,pack_vh,parameter,define_cell,y_cell_lib,specify,child_cell
1
***FATAL***: E1 is NOT connected, it has to be driven by the core!
***FATAL***: E2 is NOT connected, it has to be driven by the core!
***FATAL***: SMT is NOT connected, it has to be driven by the core!
***FATAL***: SR is NOT connected, it has to be driven by the core!
***FATAL***: E1 is NOT connected, it has to be driven by the core!
***FATAL***: E2 is NOT connected, it has to be driven by the core!
***FATAL***: SMT is NOT connected, it has to be driven by the core!
***FATAL***: SR is NOT connected, it has to be driven by the core!
***FATAL***: E1 is NOT connected, it has to be driven by the core!
***FATAL***: E2 is NOT connected, it has to be driven by the core!
***FATAL***: SMT is NOT connected, it has to be driven by the core!
***FATAL***: SR is NOT connected, it has to be driven by the core!
***FATAL***: E1 is NOT connected, it has to be driven by the core!
***FATAL***: E2 is NOT connected, it has to be driven by the core!
***FATAL***: SMT is NOT connected, it has to be driven by the core!
***FATAL***: SR is NOT connected, it has to be driven by the core!
***FATAL***: E1 is NOT connected, it has to be driven by the core!
***FATAL***: E2 is NOT connected, it has to be driven by the core!
***FATAL***: SMT is NOT connected, it has to be driven by the core!
***FATAL***: SR is NOT connected, it has to be driven by the core!
***FATAL***: E1 is NOT connected, it has to be driven by the core!
***FATAL***: E2 is NOT connected, it has to be driven by the core!
***FATAL***: SMT is NOT connected, it has to be driven by the core!
***FATAL***: SR is NOT connected, it has to be driven by the core!
***FATAL***: E1 is NOT connected, it has to be driven by the core!
***FATAL***: E2 is NOT connected, it has to be driven by the core!
***FATAL***: SMT is NOT connected, it has to be driven by the core!
***FATAL***: SR is NOT connected, it has to be driven by the core!
***FATAL***: E1 is NOT connected, it has to be driven by the core!
***FATAL***: E2 is NOT connected, it has to be driven by the core!
***FATAL***: SMT is NOT connected, it has to be driven by the core!
***FATAL***: SR is NOT connected, it has to be driven by the core!
$finish called from file "./ccs0101_tb.v", line 223.
$finish at simulation time              8646525
Simulation complete, time is 8646525 ps.
           V C S   S i m u l a t i o n   R e p o r t 
Time: 8646525 ps
CPU Time:      0.950 seconds;       Data structure size:   0.4Mb
Sat Nov 10 12:07:48 2018
